Using pre-set license
Built from '2021.3/staging' branch; Version is '2021.3.21f1 (1b156197d683) revision 1774945'; Using compiler version '192829333'; Build Type 'Release'
OS: 'Windows 11  (10.0.22621) 64bit Core' Language: 'en' Physical Memory: 16235 MB
BatchMode: 1, IsHumanControllingUs: 0, StartBugReporterOnCrash: 0, Is64bit: 1, IsPro: 1

COMMAND LINE ARGUMENTS:
C:\Program Files\Unity\Hub\Editor\2021.3.21f1\Editor\Unity.exe
-adb2
-batchMode
-noUpm
-name
AssetImportWorker2
-projectPath
C:/Users/olaib/Documents/Unity_Bomb_The_Enemy
-logFile
Logs/AssetImportWorker2.log
-srvPort
62226
Successfully changed project path to: C:/Users/olaib/Documents/Unity_Bomb_The_Enemy
C:/Users/olaib/Documents/Unity_Bomb_The_Enemy
[UnityMemory] Configuration Parameters - Can be set up in boot.config
    "memorysetup-bucket-allocator-granularity=16"
    "memorysetup-bucket-allocator-bucket-count=8"
    "memorysetup-bucket-allocator-block-size=33554432"
    "memorysetup-bucket-allocator-block-count=8"
    "memorysetup-main-allocator-block-size=16777216"
    "memorysetup-thread-allocator-block-size=16777216"
    "memorysetup-gfx-main-allocator-block-size=16777216"
    "memorysetup-gfx-thread-allocator-block-size=16777216"
    "memorysetup-cache-allocator-block-size=4194304"
    "memorysetup-typetree-allocator-block-size=2097152"
    "memorysetup-profiler-bucket-allocator-granularity=16"
    "memorysetup-profiler-bucket-allocator-bucket-count=8"
    "memorysetup-profiler-bucket-allocator-block-size=33554432"
    "memorysetup-profiler-bucket-allocator-block-count=8"
    "memorysetup-profiler-allocator-block-size=16777216"
    "memorysetup-profiler-editor-allocator-block-size=1048576"
    "memorysetup-temp-allocator-size-main=16777216"
    "memorysetup-job-temp-allocator-block-size=2097152"
    "memorysetup-job-temp-allocator-block-size-background=1048576"
    "memorysetup-job-temp-allocator-reduction-small-platforms=262144"
    "memorysetup-temp-allocator-size-background-worker=32768"
    "memorysetup-temp-allocator-size-job-worker=262144"
    "memorysetup-temp-allocator-size-preload-manager=33554432"
    "memorysetup-temp-allocator-size-nav-mesh-worker=65536"
    "memorysetup-temp-allocator-size-audio-worker=65536"
    "memorysetup-temp-allocator-size-cloud-worker=32768"
    "memorysetup-temp-allocator-size-gi-baking-worker=262144"
    "memorysetup-temp-allocator-size-gfx=262144"
Player connection [10792] Host "[IP] 192.168.165.24 [Port] 0 [Flags] 2 [Guid] 3341493140 [EditorId] 3341493140 [Version] 1048832 [Id] WindowsEditor(7,olaib) [Debug] 1 [PackageName] WindowsEditor [ProjectName] Editor" joined multi-casting on [225.0.0.222:54997]...

Player connection [10792] Host "[IP] 192.168.165.24 [Port] 0 [Flags] 2 [Guid] 3341493140 [EditorId] 3341493140 [Version] 1048832 [Id] WindowsEditor(7,olaib) [Debug] 1 [PackageName] WindowsEditor [ProjectName] Editor" joined alternative multi-casting on [225.0.0.222:34997]...

Refreshing native plugins compatible for Editor in 924.43 ms, found 8 plugins.
Preloading 1 native plugins for Editor in 5.23 ms.
Initialize engine version: 2021.3.21f1 (1b156197d683)
[Subsystems] Discovering subsystems at path C:/Program Files/Unity/Hub/Editor/2021.3.21f1/Editor/Data/Resources/UnitySubsystems
[Subsystems] Discovering subsystems at path C:/Users/olaib/Documents/Unity_Bomb_The_Enemy/Assets
GfxDevice: creating device client; threaded=0; jobified=0
Direct3D:
    Version:  Direct3D 11.0 [level 11.1]
    Renderer: NVIDIA GeForce GTX 1650 (ID=0x1f91)
    Vendor:   NVIDIA
    VRAM:     3962 MB
    Driver:   30.0.15.1278
Initialize mono
Mono path[0] = 'C:/Program Files/Unity/Hub/Editor/2021.3.21f1/Editor/Data/Managed'
Mono path[1] = 'C:/Program Files/Unity/Hub/Editor/2021.3.21f1/Editor/Data/MonoBleedingEdge/lib/mono/unityjit-win32'
Mono config path = 'C:/Program Files/Unity/Hub/Editor/2021.3.21f1/Editor/Data/MonoBleedingEdge/etc'
Using monoOptions --debugger-agent=transport=dt_socket,embedding=1,server=y,suspend=n,address=127.0.0.1:56352
Begin MonoManager ReloadAssembly
Registering precompiled unity dll's ...
Register platform support module: C:/Program Files/Unity/Hub/Editor/2021.3.21f1/Editor/Data/PlaybackEngines/WindowsStandaloneSupport/UnityEditor.WindowsStandalone.Extensions.dll
Registered in 0.015151 seconds.
Native extension for WindowsStandalone target not found
Refreshing native plugins compatible for Editor in 783.96 ms, found 8 plugins.
Preloading 1 native plugins for Editor in 0.21 ms.
Mono: successfully reloaded assembly
- Completed reload, in  3.002 seconds
Domain Reload Profiling:
	ReloadAssembly (3004ms)
		BeginReloadAssembly (309ms)
			ExecutionOrderSort (0ms)
			DisableScriptedObjects (0ms)
			BackupInstance (0ms)
			ReleaseScriptingObjects (0ms)
			CreateAndSetChildDomain (3ms)
		EndReloadAssembly (2290ms)
			LoadAssemblies (302ms)
			RebuildTransferFunctionScriptingTraits (0ms)
			SetupTypeCache (417ms)
			ReleaseScriptCaches (0ms)
			RebuildScriptCaches (87ms)
			SetupLoadedEditorAssemblies (1608ms)
				LogAssemblyErrors (0ms)
				InitializePlatformSupportModulesInManaged (21ms)
				SetLoadedEditorAssemblies (1ms)
				RefreshPlugins (784ms)
				BeforeProcessingInitializeOnLoad (4ms)
				ProcessInitializeOnLoadAttributes (590ms)
				ProcessInitializeOnLoadMethodAttributes (207ms)
				AfterProcessingInitializeOnLoad (0ms)
				EditorAssembliesLoaded (0ms)
			ExecutionOrderSort2 (0ms)
			AwakeInstancesAfterBackupRestoration (0ms)
Platform modules already initialized, skipping
Registering precompiled user dll's ...
Registered in 0.040646 seconds.
Begin MonoManager ReloadAssembly
Symbol file LoadedFromMemory doesn't match image C:\Users\olaib\Documents\Unity_Bomb_The_Enemy\Library\PackageCache\com.unity.visualscripting@1.8.0\Editor\VisualScripting.Core\Dependencies\DotNetZip\Unity.VisualScripting.IonicZip.dll
Symbol file LoadedFromMemory doesn't match image C:\Users\olaib\Documents\Unity_Bomb_The_Enemy\Library\PackageCache\com.unity.visualscripting@1.8.0\Editor\VisualScripting.Core\Dependencies\YamlDotNet\Unity.VisualScripting.YamlDotNet.dll
Native extension for WindowsStandalone target not found
Refreshing native plugins compatible for Editor in 990.68 ms, found 8 plugins.
Preloading 1 native plugins for Editor in 0.26 ms.
System.Exception: Error! Visual Scripting: couldn't find visual scripting package
  at Unity.VisualScripting.PackageVersionUtility.get_version () [0x00043] in C:\Users\olaib\Documents\Unity_Bomb_The_Enemy\Library\PackageCache\com.unity.visualscripting@1.8.0\Editor\VisualScripting.Core\Utilities\PackageVersionUtility.cs:31 
  at Unity.VisualScripting.BoltCoreManifest.get_version () [0x00000] in C:\Users\olaib\Documents\Unity_Bomb_The_Enemy\Library\PackageCache\com.unity.visualscripting@1.8.0\Editor\VisualScripting.Core\Plugin\BoltCoreManifest.cs:11 
  at Unity.VisualScripting.PluginManifest.get_currentVersion () [0x00000] in C:\Users\olaib\Documents\Unity_Bomb_The_Enemy\Library\PackageCache\com.unity.visualscripting@1.8.0\Editor\VisualScripting.Core\Plugins\PluginManifest.cs:33 
  at Unity.VisualScripting.PluginManifest.get_versionMismatch () [0x00000] in C:\Users\olaib\Documents\Unity_Bomb_The_Enemy\Library\PackageCache\com.unity.visualscripting@1.8.0\Editor\VisualScripting.Core\Plugins\PluginManifest.cs:48 
  at Unity.VisualScripting.PluginContainer.Initialize () [0x00525] in C:\Users\olaib\Documents\Unity_Bomb_The_Enemy\Library\PackageCache\com.unity.visualscripting@1.8.0\Editor\VisualScripting.Core\Plugins\PluginContainer.cs:208 
  at Unity.VisualScripting.PluginContainer.InitializeOnLoad () [0x00009] in C:\Users\olaib\Documents\Unity_Bomb_The_Enemy\Library\PackageCache\com.unity.visualscripting@1.8.0\Editor\VisualScripting.Core\Plugins\PluginContainer.cs:32 
  at Unity.VisualScripting.VSUsageUtility.DoInitializeOnLoadCalls () [0x00034] in C:\Users\olaib\Documents\Unity_Bomb_The_Enemy\Library\PackageCache\com.unity.visualscripting@1.8.0\Editor\VisualScripting.Core\Utilities\VSUsageUtility.cs:76 
  at Unity.VisualScripting.VSUsageUtility.set_isVisualScriptingUsed (System.Boolean value) [0x0002c] in C:\Users\olaib\Documents\Unity_Bomb_The_Enemy\Library\PackageCache\com.unity.visualscripting@1.8.0\Editor\VisualScripting.Core\Utilities\VSUsageUtility.cs:114 
  at Unity.VisualScripting.VSUsageUtility.CheckAndSetIsVisualScriptingUsed () [0x00032] in C:\Users\olaib\Documents\Unity_Bomb_The_Enemy\Library\PackageCache\com.unity.visualscripting@1.8.0\Editor\VisualScripting.Core\Utilities\VSUsageUtility.cs:48 
  at Unity.VisualScripting.VSUsageUtility..cctor () [0x00000] in C:\Users\olaib\Documents\Unity_Bomb_The_Enemy\Library\PackageCache\com.unity.visualscripting@1.8.0\Editor\VisualScripting.Core\Utilities\VSUsageUtility.cs:22 
UnityEngine.StackTraceUtility:ExtractStackTrace ()
UnityEngine.DebugLogHandler:LogFormat (UnityEngine.LogType,UnityEngine.Object,string,object[])
UnityEngine.Logger:Log (UnityEngine.LogType,object)
UnityEngine.Debug:LogError (object)
UnityEditor.EditorAssemblies:ProcessInitializeOnLoadAttributes (System.Type[])

Mirror | mirror-networking.com | discord.gg/N9QVxbM
UnityEngine.StackTraceUtility:ExtractStackTrace ()
UnityEngine.DebugLogHandler:LogFormat (UnityEngine.LogType,UnityEngine.Object,string,object[])
UnityEngine.Logger:Log (UnityEngine.LogType,object)
UnityEngine.Debug:Log (object)
Mirror.Welcome:OnInitializeOnLoad () (at Assets/Mirror/Editor/Welcome.cs:18)
System.Reflection.RuntimeMethodInfo:Invoke (object,System.Reflection.BindingFlags,System.Reflection.Binder,object[],System.Globalization.CultureInfo)
System.Reflection.MethodBase:Invoke (object,object[])
UnityEditor.EditorAssemblies:ProcessInitializeOnLoadMethodAttributes ()

(Filename: Assets/Mirror/Editor/Welcome.cs Line: 18)

Mono: successfully reloaded assembly
- Completed reload, in 10.828 seconds
Domain Reload Profiling:
	ReloadAssembly (10831ms)
		BeginReloadAssembly (770ms)
			ExecutionOrderSort (0ms)
			DisableScriptedObjects (47ms)
			BackupInstance (0ms)
			ReleaseScriptingObjects (1ms)
			CreateAndSetChildDomain (76ms)
		EndReloadAssembly (9419ms)
			LoadAssemblies (862ms)
			RebuildTransferFunctionScriptingTraits (0ms)
			SetupTypeCache (1952ms)
			ReleaseScriptCaches (3ms)
			RebuildScriptCaches (446ms)
			SetupLoadedEditorAssemblies (6133ms)
				LogAssemblyErrors (0ms)
				InitializePlatformSupportModulesInManaged (15ms)
				SetLoadedEditorAssemblies (1ms)
				RefreshPlugins (991ms)
				BeforeProcessingInitializeOnLoad (769ms)
				ProcessInitializeOnLoadAttributes (3780ms)
				ProcessInitializeOnLoadMethodAttributes (561ms)
				AfterProcessingInitializeOnLoad (14ms)
				EditorAssembliesLoaded (1ms)
			ExecutionOrderSort2 (0ms)
			AwakeInstancesAfterBackupRestoration (17ms)
Platform modules already initialized, skipping
========================================================================
Worker process is ready to serve import requests
Launched and connected shader compiler UnityShaderCompiler.exe after 0.14 seconds
Refreshing native plugins compatible for Editor in 6.60 ms, found 8 plugins.
Preloading 1 native plugins for Editor in 0.24 ms.
Unloading 8237 Unused Serialized files (Serialized files now loaded: 0)
Unloading 114 unused Assets / (1.1 MB). Loaded Objects now: 8685.
Memory consumption went from 405.6 MB to 404.6 MB.
Total: 48.070300 ms (FindLiveObjects: 1.462400 ms CreateObjectMapping: 1.634500 ms MarkObjects: 43.662700 ms  DeleteObjects: 1.307300 ms)

AssetImportParameters requested are different than current active one (requested -> active):
  custom:video-decoder-ogg-theora: a1e56fd34408186e4bbccfd4996cb3dc -> 
  custom:container-muxer-webm: aa71ff27fc2769a1b78a27578f13a17b -> 
  custom:container-demuxer-webm: 4f35f7cbe854078d1ac9338744f61a02 -> 
  custom:video-encoder-webm-vp8: eb34c28f22e8b96e1ab97ce403110664 -> 
  custom:audio-encoder-webm-vorbis: bf7c407c2cedff20999df2af8eb42d56 -> 
  custom:framework-win-MediaFoundation: 216162199b28c13a410421893ffa2e32 -> 
  custom:container-demuxer-ogg: 62fdf1f143b41e24485cea50d1cbac27 -> 
  custom:video-decoder-webm-vp8: 9c59270c3fd7afecdb556c50c9e8de78 -> 
  custom:audio-decoder-ogg-vorbis: bf7c407c2cedff20999df2af8eb42d56 -> 
========================================================================
Received Import Request.
  Time since last request: 137450.084681 seconds.
  path: Assets/EffectExamples/Weapon Effects/Materials/StoneSurface.mat
  artifactKey: Guid(3eb079016c4106b41bc3f19de570f770) Importer(815301076,1909f56bfc062723c751e8b465ee728b)
Start importing Assets/EffectExamples/Weapon Effects/Materials/StoneSurface.mat using Guid(3eb079016c4106b41bc3f19de570f770) Importer(815301076,1909f56bfc062723c751e8b465ee728b)  -> (artifact id: 'e89b087ccff9fd7257cc30b1ba53d333') in 1.025858 seconds 
========================================================================
Received Import Request.
  Time since last request: 0.196160 seconds.
  path: Assets/Models/OBJ format/stones.obj
  artifactKey: Guid(a6bb6209b7a5ee84dba624edd9f87166) Importer(815301076,1909f56bfc062723c751e8b465ee728b)
Start importing Assets/Models/OBJ format/stones.obj using Guid(a6bb6209b7a5ee84dba624edd9f87166) Importer(815301076,1909f56bfc062723c751e8b465ee728b)  -> (artifact id: 'e8dc045b07a36ba7808566224ecfdb45') in 0.232507 seconds 
========================================================================
Received Import Request.
  Time since last request: 2.949341 seconds.
  path: Assets/EffectExamples/Weapon Effects/Textures/StoneAlbedo.tif
  artifactKey: Guid(d6971144598309840aa5627e0797e545) Importer(815301076,1909f56bfc062723c751e8b465ee728b)
Start importing Assets/EffectExamples/Weapon Effects/Textures/StoneAlbedo.tif using Guid(d6971144598309840aa5627e0797e545) Importer(815301076,1909f56bfc062723c751e8b465ee728b)  -> (artifact id: '920086a511ca3d129720095343129925') in 0.063941 seconds 
========================================================================
Received Import Request.
  Time since last request: 0.000055 seconds.
  path: Assets/EffectExamples/Weapon Effects/Textures/StoneNormal.tif
  artifactKey: Guid(e6b70229308faa64880eac4945d59f5e) Importer(815301076,1909f56bfc062723c751e8b465ee728b)
Start importing Assets/EffectExamples/Weapon Effects/Textures/StoneNormal.tif using Guid(e6b70229308faa64880eac4945d59f5e) Importer(815301076,1909f56bfc062723c751e8b465ee728b)  -> (artifact id: '349b815b0e1a25f306f49ff04c32c2c2') in 0.049004 seconds 
========================================================================
Received Import Request.
  Time since last request: 1.092910 seconds.
  path: Assets/Mega Fantasy Props Pack/Prefabs/Miscellaneous/Bridges/stone_bridge_column.prefab
  artifactKey: Guid(778220e79792b054881e92bda83414d6) Importer(815301076,1909f56bfc062723c751e8b465ee728b)
Start importing Assets/Mega Fantasy Props Pack/Prefabs/Miscellaneous/Bridges/stone_bridge_column.prefab using Guid(778220e79792b054881e92bda83414d6) Importer(815301076,1909f56bfc062723c751e8b465ee728b)  -> (artifact id: 'e28dabcb16504d07b01af8ed43efaae4') in 0.077398 seconds 
========================================================================
Received Import Request.
  Time since last request: 0.000060 seconds.
  path: Assets/Mega Fantasy Props Pack/Prefabs/Columns/Stone/stone_column.prefab
  artifactKey: Guid(f579f83a069454a4d9b0b7518ef3b6d9) Importer(815301076,1909f56bfc062723c751e8b465ee728b)
Start importing Assets/Mega Fantasy Props Pack/Prefabs/Columns/Stone/stone_column.prefab using Guid(f579f83a069454a4d9b0b7518ef3b6d9) Importer(815301076,1909f56bfc062723c751e8b465ee728b)  -> (artifact id: '9fc356883e287ee779063c408bc49038') in 0.068339 seconds 
========================================================================
Received Import Request.
  Time since last request: 6.292620 seconds.
  path: Assets/Mega Fantasy Props Pack/Prefabs/Columns/wood_column.001.prefab
  artifactKey: Guid(ea0930fcd2181ba48bde8ca2ce528df3) Importer(815301076,1909f56bfc062723c751e8b465ee728b)
Start importing Assets/Mega Fantasy Props Pack/Prefabs/Columns/wood_column.001.prefab using Guid(ea0930fcd2181ba48bde8ca2ce528df3) Importer(815301076,1909f56bfc062723c751e8b465ee728b)  -> (artifact id: '7eba22a7beafe584b12cef23a44b310e') in 0.160094 seconds 
========================================================================
Received Import Request.
  Time since last request: 0.000077 seconds.
  path: Assets/Mega Fantasy Props Pack/Prefabs/Columns/wood_column.004.prefab
  artifactKey: Guid(cee3e2fd2a6f1614c9e86ca24459a9e7) Importer(815301076,1909f56bfc062723c751e8b465ee728b)
Start importing Assets/Mega Fantasy Props Pack/Prefabs/Columns/wood_column.004.prefab using Guid(cee3e2fd2a6f1614c9e86ca24459a9e7) Importer(815301076,1909f56bfc062723c751e8b465ee728b)  -> (artifact id: 'dc7721ca9723f6e42c18cd592bb2265d') in 0.073266 seconds 
========================================================================
Received Import Request.
  Time since last request: 0.000092 seconds.
  path: Assets/Mega Fantasy Props Pack/Prefabs/Columns/wood_column.003.prefab
  artifactKey: Guid(6b1ceddab81a0ed4d95cce9054a25174) Importer(815301076,1909f56bfc062723c751e8b465ee728b)
Start importing Assets/Mega Fantasy Props Pack/Prefabs/Columns/wood_column.003.prefab using Guid(6b1ceddab81a0ed4d95cce9054a25174) Importer(815301076,1909f56bfc062723c751e8b465ee728b)  -> (artifact id: '3970fef081f8a33b5c102b2da26f0304') in 0.081376 seconds 
========================================================================
Received Import Request.
  Time since last request: 156.147974 seconds.
  path: Assets/Samples/Universal RP/12.1.10/URP Package Samples/SharedAssets/Fonts
  artifactKey: Guid(d698ca62bcc024bd2bd759ef042604ae) Importer(815301076,1909f56bfc062723c751e8b465ee728b)
Start importing Assets/Samples/Universal RP/12.1.10/URP Package Samples/SharedAssets/Fonts using Guid(d698ca62bcc024bd2bd759ef042604ae) Importer(815301076,1909f56bfc062723c751e8b465ee728b)  -> (artifact id: 'b847852656136d27f2a3cbae15feccea') in 0.023095 seconds 
========================================================================
Received Import Request.
  Time since last request: 1.332671 seconds.
  path: Assets/Samples/Universal RP/12.1.10/URP Package Samples/SharedAssets/Materials
  artifactKey: Guid(e9ab8eff9b74941c99f1937802b5c34d) Importer(815301076,1909f56bfc062723c751e8b465ee728b)
Start importing Assets/Samples/Universal RP/12.1.10/URP Package Samples/SharedAssets/Materials using Guid(e9ab8eff9b74941c99f1937802b5c34d) Importer(815301076,1909f56bfc062723c751e8b465ee728b)  -> (artifact id: '8220f523fc9629fd392ad6d074ce490b') in 0.010413 seconds 
